"Hola mundo" | Cadena
&& | OperadorLogico
&& | OperadorLogico
& | Caracter
|| | OperadorLogico
| | Caracter
! | OperadorLogico
! | OperadorLogico
!= | OperadorRelacional
> | OperadorRelacional
>= | OperadorRelacional
< | OperadorRelacional
<= | OperadorRelacional
== | OperadorRelacional
= | Asignacion
Test | Identificador
? | OperadorTernario
? | OperadorTernario
? | OperadorTernario
? | OperadorTernario
? | OperadorTernario
++ | IncrementoTermino
+= | IncrementoTermino
++ | IncrementoTermino
+ | OperadorTermino
-- | IncrementoTermino
- | OperadorTermino
-- | IncrementoTermino
-= | IncrementoTermino
+ | OperadorTermino
- | OperadorTermino
- | OperadorTermino
+ | OperadorTermino
* | OperadorFactor
* | OperadorFactor
*= | IncrementoFactor
/= | IncrementoFactor
== | OperadorRelacional
= | Asignacion
%= | IncrementoFactor
== | OperadorRelacional
/ | OperadorFactor
Area | Identificador
= | Asignacion
( | Caracter
radio | Identificador
* | OperadorFactor
radio | Identificador
) | Caracter
* | OperadorFactor
3.141592 | Numero
* | OperadorFactor
h | Identificador
; | FinSentencia
Contador | Identificador
+= | IncrementoTermino
1 | Numero
; | FinSentencia
== | OperadorRelacional
"" | Cadena
3.5e-8 | Numero
/ | OperadorFactor
/= | IncrementoFactor
== | OperadorRelacional
* | OperadorFactor
/ | OperadorFactor
+ | OperadorTermino
- | OperadorTermino
/= | IncrementoFactor
adios | Identificador
; | FinSentencia
350 | Numero
Error léxico: Se espera un dígito.
Error léxico: Se espera un dígito.
Error léxico: Se espera un dígito.
Error léxico: Se espera un dígito.
Error léxico: Se espera un dígito.
Error léxico: Se espera un dígito.
Error léxico: Se espera un dígito.
